#
# A fatal error has been detected by the Java Runtime Environment:
#
#  EXCEPTION_ACCESS_VIOLATION (0xc0000005) at pc=0x00007ff97d3454ea, pid=16664, tid=3832
#
# JRE version: Java(TM) SE Runtime Environment (15.0.1+9) (build 15.0.1+9-18)
# Java VM: Java HotSpot(TM) 64-Bit Server VM (15.0.1+9-18, mixed mode, sharing, tiered, compressed oops, g1 gc, windows-amd64)
# Problematic frame:
# C  [igc64.dll+0x4154ea]
#
# No core dump will be written. Minidumps are not enabled by default on client versions of Windows
#
# If you would like to submit a bug report, please visit:
#   https://bugreport.java.com/bugreport/crash.jsp
# The crash happened outside the Java Virtual Machine in native code.
# See problematic frame for where to report the bug.
#

---------------  S U M M A R Y ------------

Command Line: -Dfile.encoding=Cp1252 -XX:+ShowCodeDetailsInExceptionMessages main.Main

Host: 11th Gen Intel(R) Core(TM) i7-1165G7 @ 2.80GHz, 8 cores, 7G,  Windows 10 , 64 bit Build 22621 (10.0.22621.2506)
Time: Mon Jan 15 11:58:15 2024 Central Standard Time elapsed time: 0.907565 seconds (0d 0h 0m 0s)

---------------  T H R E A D  ---------------

Current thread (0x0000014307dd2d10):  JavaThread "main" [_thread_in_native, id=3832, stack(0x00000024ba300000,0x00000024ba400000)]

Stack: [0x00000024ba300000,0x00000024ba400000],  sp=0x00000024ba3fb1a0,  free space=1004k
Native frames: (J=compiled Java code, j=interpreted, Vv=VM code, C=native code)
C  [igc64.dll+0x4154ea]

Java frames: (J=compiled Java code, j=interpreted, Vv=VM code)
j  org.lwjgl.opengl.GL20C.glLinkProgram(I)V+0
j  org.lwjgl.opengl.GL20.glLinkProgram(I)V+1
j  visual.Renderer.init()V+372
j  visual.Loop.init()V+11
j  visual.Loop.start()V+1
j  visual.Launch.launch()V+69
j  main.Main.main([Ljava/lang/String;)V+0
v  ~StubRoutines::call_stub

siginfo: EXCEPTION_ACCESS_VIOLATION (0xc0000005), reading address 0x0000000000000010


Register to memory mapping:

RIP=0x00007ff97d3454ea igc64.dll
RAX=0x0000014333263150 points into unknown readable memory: 0x0000014333262210 | 10 22 26 33 43 01 00 00
RBX=0x0 is NULL
RCX=0x0000014333262210 points into unknown readable memory: 0x0000014333263150 | 50 31 26 33 43 01 00 00
RDX=0x0000000000000001 is an unknown value
RSP=0x00000024ba3fb1a0 is pointing into the stack for thread: 0x0000014307dd2d10
RBP=0x00000024ba3fb239 is pointing into the stack for thread: 0x0000014307dd2d10
RSI=0x000001432b9d6910 points into unknown readable memory: 0x00000143292be100 | 00 e1 2b 29 43 01 00 00
RDI=0x000001432bcd64f0 points into unknown readable memory: 0x000001432bcd8f20 | 20 8f cd 2b 43 01 00 00
R8 =0x000001432b9dad48 points into unknown readable memory: 0x00000143292be100 | 00 e1 2b 29 43 01 00 00
R9 =0x000000000000003f is an unknown value
R10=0x0000014333263150 points into unknown readable memory: 0x0000014333262210 | 10 22 26 33 43 01 00 00
R11=0x0 is NULL
R12=0x0 is NULL
R13=0x0000014333257ee0 points into unknown readable memory: 0xfffffffffffffff8 | f8 ff ff ff ff ff ff ff
R14=0x0000014327704c58 points into unknown readable memory: 0x000001432b9dad60 | 60 ad 9d 2b 43 01 00 00
R15=0x0000000000000003 is an unknown value


Registers:
RAX=0x0000014333263150, RBX=0x0000000000000000, RCX=0x0000014333262210, RDX=0x0000000000000001
RSP=0x00000024ba3fb1a0, RBP=0x00000024ba3fb239, RSI=0x000001432b9d6910, RDI=0x000001432bcd64f0
R8 =0x000001432b9dad48, R9 =0x000000000000003f, R10=0x0000014333263150, R11=0x0000000000000000
R12=0x0000000000000000, R13=0x0000014333257ee0, R14=0x0000014327704c58, R15=0x0000000000000003
RIP=0x00007ff97d3454ea, EFLAGS=0x0000000000010293

Top of Stack: (sp=0x00000024ba3fb1a0)
0x00000024ba3fb1a0:   00000143332621b0 000001432b9dad00
0x00000024ba3fb1b0:   0000000000000000 0000014333262750
0x00000024ba3fb1c0:   0000014333263150 0000000000000007
0x00000024ba3fb1d0:   0000014333257ee0 0000000000000003
0x00000024ba3fb1e0:   2aaaaaaa00000040 000001432bcd8f08
0x00000024ba3fb1f0:   0000000000000000 0000014333258250
0x00000024ba3fb200:   0000014327704c58 000001432b9dad48
0x00000024ba3fb210:   00000143332621d0 0000014333262210
0x00000024ba3fb220:   00000143332621b0 000001432b9dad48
0x00000024ba3fb230:   000001432bcd8f08 0000000000000000
0x00000024ba3fb240:   00000024ba3fb240 0000000000000001
0x00000024ba3fb250:   000001432b9d6910 0000014333262230
0x00000024ba3fb260:   0000000000000004 00000143332184b0
0x00000024ba3fb270:   000001432bcbd310 0000014327a03d58
0x00000024ba3fb280:   00000024ba3fb420 00000024ba3fb440
0x00000024ba3fb290:   00000024ba3fb3a0 00007ff97d344bdb 

Instructions: (pc=0x00007ff97d3454ea)
0x00007ff97d3453ea:   49 8b 3e 49 3b fe 0f 84 81 01 00 00 4c 8b 55 87
0x00007ff97d3453fa:   66 0f 1f 44 00 00 48 8b c7 48 8b 3f 48 8d 70 e8
0x00007ff97d34540a:   48 85 c0 49 0f 44 f3 0f b6 46 10 3c 4f 0f 84 5a
0x00007ff97d34541a:   01 00 00 3c 18 72 53 3c 50 75 4f 48 8b 46 e8 48
0x00007ff97d34542a:   85 c0 74 46 80 78 10 00 75 40 8b 40 20 c1 e8 0d
0x00007ff97d34543a:   a8 01 74 36 48 8b 46 e8 49 8b cb 80 78 10 00 48
0x00007ff97d34544a:   0f 44 c8 8b 51 24 83 ea 22 0f 84 0f 01 00 00 83
0x00007ff97d34545a:   ea 01 0f 84 06 01 00 00 83 ea 01 0f 84 fd 00 00
0x00007ff97d34546a:   00 83 fa 01 0f 84 f4 00 00 00 48 8d 45 07 48 89
0x00007ff97d34547a:   45 07 48 c7 45 0f 01 00 00 00 48 89 75 17 49 8b
0x00007ff97d34548a:   42 08 49 8b ca 80 78 19 00 75 18 48 39 70 30 73
0x00007ff97d34549a:   06 48 8b 40 10 eb 06 48 8b c8 48 8b 00 80 78 19
0x00007ff97d3454aa:   00 74 e8 80 79 19 00 75 34 48 8d 59 20 48 3b 73
0x00007ff97d3454ba:   10 72 2a 49 3b ca 74 25 f6 43 08 01 75 22 48 8b
0x00007ff97d3454ca:   0b f6 41 08 01 74 05 48 8b d9 eb 14 e8 35 d9 ff
0x00007ff97d3454da:   ff 48 89 03 48 8b d8 4c 8b 55 87 eb 03 49 8b db
0x00007ff97d3454ea:   4c 8b 43 10 8b 5d a7 85 db 74 73 44 8d 4b ff 41
0x00007ff97d3454fa:   8b c8 c1 e9 05 41 33 c8 c1 e9 04 41 23 c9 ba 01
0x00007ff97d34550a:   00 00 00 8b d9 48 c1 e3 04 49 03 dd 48 8b 03 4c
0x00007ff97d34551a:   3b c0 74 22 66 90 48 83 f8 f8 74 42 8b c2 ff c2
0x00007ff97d34552a:   03 c8 41 23 c9 8b d9 48 c1 e3 04 49 03 dd 48 8b
0x00007ff97d34553a:   03 4c 3b c0 75 e0 8b 45 a7 48 c1 e0 04 49 03 c5
0x00007ff97d34554a:   48 3b d8 74 19 48 8b 53 08 48 85 d2 74 08 48 8b
0x00007ff97d34555a:   ce e8 40 9e 79 00 48 89 73 08 4c 8b 55 87 49 3b
0x00007ff97d34556a:   fe 41 bb 00 00 00 00 0f 85 89 fe ff ff 40 b7 01
0x00007ff97d34557a:   eb 03 40 32 ff 49 8b cd e8 7d 66 03 01 90 48 8b
0x00007ff97d34558a:   4d 87 48 8b 59 08 80 7b 19 00 75 35 66 66 0f 1f
0x00007ff97d34559a:   84 00 00 00 00 00 4c 8b 43 10 48 8d 55 87 48 8d
0x00007ff97d3455aa:   4d 87 e8 ef 3b df ff 48 8b cb 48 8b 1b ba 38 00
0x00007ff97d3455ba:   00 00 e8 4b 66 03 01 80 7b 19 00 74 d9 48 8b 4d
0x00007ff97d3455ca:   87 ba 38 00 00 00 e8 37 66 03 01 40 0f b6 c7 eb
0x00007ff97d3455da:   02 32 c0 48 8b 9c 24 00 01 00 00 48 81 c4 c0 00 


Stack slot to memory mapping:
stack at sp + 0 slots: 0x00000143332621b0 points into unknown readable memory: 0x00000143332621b0 | b0 21 26 33 43 01 00 00
stack at sp + 1 slots: 0x000001432b9dad00 points into unknown readable memory: 0x000001432bce71c0 | c0 71 ce 2b 43 01 00 00
stack at sp + 2 slots: 0x0 is NULL
stack at sp + 3 slots: 0x0000014333262750 points into unknown readable memory: 0x0000014333263150 | 50 31 26 33 43 01 00 00
stack at sp + 4 slots: 0x0000014333263150 points into unknown readable memory: 0x0000014333262210 | 10 22 26 33 43 01 00 00
stack at sp + 5 slots: 0x0000000000000007 is an unknown value
stack at sp + 6 slots: 0x0000014333257ee0 points into unknown readable memory: 0xfffffffffffffff8 | f8 ff ff ff ff ff ff ff
stack at sp + 7 slots: 0x0000000000000003 is an unknown value


---------------  P R O C E S S  ---------------

Threads class SMR info:
_java_thread_list=0x000001432bcb4730, length=15, elements={
0x0000014307dd2d10, 0x00000143266deeb0, 0x00000143266e15b0, 0x0000014326700e20,
0x00000143267012f0, 0x00000143267057d0, 0x0000014326705fd0, 0x00000143267068f0,
0x0000014326711f60, 0x0000014327145020, 0x0000014327153110, 0x0000014327697540,
0x0000014327697e20, 0x000001432797d250, 0x000001432bbcc4c0
}

Java Threads: ( => current thread )
=>0x0000014307dd2d10 JavaThread "main" [_thread_in_native, id=3832, stack(0x00000024ba300000,0x00000024ba400000)]
  0x00000143266deeb0 JavaThread "Reference Handler" daemon [_thread_blocked, id=12316, stack(0x00000024baa00000,0x00000024bab00000)]
  0x00000143266e15b0 JavaThread "Finalizer" daemon [_thread_blocked, id=34700, stack(0x00000024bab00000,0x00000024bac00000)]
  0x0000014326700e20 JavaThread "Signal Dispatcher" daemon [_thread_blocked, id=1976, stack(0x00000024bac00000,0x00000024bad00000)]
  0x00000143267012f0 JavaThread "Attach Listener" daemon [_thread_blocked, id=24704, stack(0x00000024bad00000,0x00000024bae00000)]
  0x00000143267057d0 JavaThread "Service Thread" daemon [_thread_blocked, id=17984, stack(0x00000024bae00000,0x00000024baf00000)]
  0x0000014326705fd0 JavaThread "C2 CompilerThread0" daemon [_thread_blocked, id=15308, stack(0x00000024baf00000,0x00000024bb000000)]
  0x00000143267068f0 JavaThread "C1 CompilerThread0" daemon [_thread_blocked, id=27864, stack(0x00000024bb000000,0x00000024bb100000)]
  0x0000014326711f60 JavaThread "Sweeper thread" daemon [_thread_blocked, id=28096, stack(0x00000024bb100000,0x00000024bb200000)]
  0x0000014327145020 JavaThread "Notification Thread" daemon [_thread_blocked, id=25832, stack(0x00000024bb200000,0x00000024bb300000)]
  0x0000014327153110 JavaThread "Common-Cleaner" daemon [_thread_blocked, id=18116, stack(0x00000024bb400000,0x00000024bb500000)]
  0x0000014327697540 JavaThread "Java2D Disposer" daemon [_thread_blocked, id=28620, stack(0x00000024bb700000,0x00000024bb800000)]
  0x0000014327697e20 JavaThread "AWT-Shutdown" [_thread_blocked, id=11880, stack(0x00000024bb800000,0x00000024bb900000)]
  0x000001432797d250 JavaThread "AWT-Windows" daemon [_thread_in_native, id=30004, stack(0x00000024bb900000,0x00000024bba00000)]
  0x000001432bbcc4c0 JavaThread "C2 CompilerThread1" daemon [_thread_blocked, id=34508, stack(0x00000024bb500000,0x00000024bb600000)]

Other Threads:
  0x00000143266dd720 VMThread "VM Thread" [stack: 0x00000024ba900000,0x00000024baa00000] [id=24464]
  0x000001432714e930 WatcherThread [stack: 0x00000024bb300000,0x00000024bb400000] [id=33508]
  0x0000014307e123e0 GCTaskThread "GC Thread#0" [stack: 0x00000024ba400000,0x00000024ba500000] [id=11104]
  0x0000014307e22d40 ConcurrentGCThread "G1 Main Marker" [stack: 0x00000024ba500000,0x00000024ba600000] [id=16292]
  0x0000014307e24060 ConcurrentGCThread "G1 Conc#0" [stack: 0x00000024ba600000,0x00000024ba700000] [id=22092]
  0x0000014307e8de70 ConcurrentGCThread "G1 Refine#0" [stack: 0x00000024ba700000,0x00000024ba800000] [id=22740]
  0x0000014307e8e610 ConcurrentGCThread "G1 Young RemSet Sampling" [stack: 0x00000024ba800000,0x00000024ba900000] [id=23148]

Threads with active compile tasks:

VM state: not at safepoint (normal execution)

VM Mutex/Monitor currently owned by a thread: None

Heap address: 0x0000000084400000, size: 1980 MB, Compressed Oops mode: 32-bit
CDS archive(s) mapped at: [0x0000000800000000-0x0000000800b50000-0x0000000800b50000), size 11862016, SharedBaseAddress: 0x0000000800000000, ArchiveRelocationMode: 0.
Compressed class space mapped at: 0x0000000800b50000-0x0000000840b50000, size: 1073741824
Narrow klass base: 0x0000000800000000, Narrow klass shift: 3, Narrow klass range: 0x100000000

GC Precious Log:
 CPUs: 8 total, 8 available
 Memory: 7914M
 Large Page Support: Disabled
 NUMA Support: Disabled
 Compressed Oops: Enabled (32-bit)
 Heap Region Size: 1M
 Heap Min Capacity: 8M
 Heap Initial Capacity: 124M
 Heap Max Capacity: 1980M
 Pre-touch: Disabled
 Parallel Workers: 8
 Concurrent Workers: 2
 Concurrent Refinement Workers: 8
 Periodic GC: Disabled

Heap:
 garbage-first heap   total 126976K, used 16384K [0x0000000084400000, 0x0000000100000000)
  region size 1024K, 18 young (18432K), 0 survivors (0K)
 Metaspace       used 6254K, capacity 7070K, committed 7296K, reserved 1056768K
  class space    used 432K, capacity 544K, committed 640K, reserved 1048576K

Heap Regions: E=young(eden), S=young(survivor), O=old, HS=humongous(starts), HC=humongous(continues), CS=collection set, F=free, OA=open archive, CA=closed archive, TAMS=top-at-mark-start (previous, next)
|   0|0x0000000084400000, 0x0000000084400000, 0x0000000084500000|  0%| F|  |TAMS 0x0000000084400000, 0x0000000084400000| Untracked 
|   1|0x0000000084500000, 0x0000000084500000, 0x0000000084600000|  0%| F|  |TAMS 0x0000000084500000, 0x0000000084500000| Untracked 
|   2|0x0000000084600000, 0x0000000084600000, 0x0000000084700000|  0%| F|  |TAMS 0x0000000084600000, 0x0000000084600000| Untracked 
|   3|0x0000000084700000, 0x0000000084700000, 0x0000000084800000|  0%| F|  |TAMS 0x0000000084700000, 0x0000000084700000| Untracked 
|   4|0x0000000084800000, 0x0000000084800000, 0x0000000084900000|  0%| F|  |TAMS 0x0000000084800000, 0x0000000084800000| Untracked 
|   5|0x0000000084900000, 0x0000000084900000, 0x0000000084a00000|  0%| F|  |TAMS 0x0000000084900000, 0x0000000084900000| Untracked 
|   6|0x0000000084a00000, 0x0000000084a00000, 0x0000000084b00000|  0%| F|  |TAMS 0x0000000084a00000, 0x0000000084a00000| Untracked 
|   7|0x0000000084b00000, 0x0000000084b00000, 0x0000000084c00000|  0%| F|  |TAMS 0x0000000084b00000, 0x0000000084b00000| Untracked 
|   8|0x0000000084c00000, 0x0000000084c00000, 0x0000000084d00000|  0%| F|  |TAMS 0x0000000084c00000, 0x0000000084c00000| Untracked 
|   9|0x0000000084d00000, 0x0000000084d00000, 0x0000000084e00000|  0%| F|  |TAMS 0x0000000084d00000, 0x0000000084d00000| Untracked 
|  10|0x0000000084e00000, 0x0000000084e00000, 0x0000000084f00000|  0%| F|  |TAMS 0x0000000084e00000, 0x0000000084e00000| Untracked 
|  11|0x0000000084f00000, 0x0000000084f00000, 0x0000000085000000|  0%| F|  |TAMS 0x0000000084f00000, 0x0000000084f00000| Untracked 
|  12|0x0000000085000000, 0x0000000085000000, 0x0000000085100000|  0%| F|  |TAMS 0x0000000085000000, 0x0000000085000000| Untracked 
|  13|0x0000000085100000, 0x0000000085100000, 0x0000000085200000|  0%| F|  |TAMS 0x0000000085100000, 0x0000000085100000| Untracked 
|  14|0x0000000085200000, 0x0000000085200000, 0x0000000085300000|  0%| F|  |TAMS 0x0000000085200000, 0x0000000085200000| Untracked 
|  15|0x0000000085300000, 0x0000000085300000, 0x0000000085400000|  0%| F|  |TAMS 0x0000000085300000, 0x0000000085300000| Untracked 
|  16|0x0000000085400000, 0x0000000085400000, 0x0000000085500000|  0%| F|  |TAMS 0x0000000085400000, 0x0000000085400000| Untracked 
|  17|0x0000000085500000, 0x0000000085500000, 0x0000000085600000|  0%| F|  |TAMS 0x0000000085500000, 0x0000000085500000| Untracked 
|  18|0x0000000085600000, 0x0000000085600000, 0x0000000085700000|  0%| F|  |TAMS 0x0000000085600000, 0x0000000085600000| Untracked 
|  19|0x0000000085700000, 0x0000000085700000, 0x0000000085800000|  0%| F|  |TAMS 0x0000000085700000, 0x0000000085700000| Untracked 
|  20|0x0000000085800000, 0x0000000085800000, 0x0000000085900000|  0%| F|  |TAMS 0x0000000085800000, 0x0000000085800000| Untracked 
|  21|0x0000000085900000, 0x0000000085900000, 0x0000000085a00000|  0%| F|  |TAMS 0x0000000085900000, 0x0000000085900000| Untracked 
|  22|0x0000000085a00000, 0x0000000085a00000, 0x0000000085b00000|  0%| F|  |TAMS 0x0000000085a00000, 0x0000000085a00000| Untracked 
|  23|0x0000000085b00000, 0x0000000085b00000, 0x0000000085c00000|  0%| F|  |TAMS 0x0000000085b00000, 0x0000000085b00000| Untracked 
|  24|0x0000000085c00000, 0x0000000085c00000, 0x0000000085d00000|  0%| F|  |TAMS 0x0000000085c00000, 0x0000000085c00000| Untracked 
|  25|0x0000000085d00000, 0x0000000085d00000, 0x0000000085e00000|  0%| F|  |TAMS 0x0000000085d00000, 0x0000000085d00000| Untracked 
|  26|0x0000000085e00000, 0x0000000085e00000, 0x0000000085f00000|  0%| F|  |TAMS 0x0000000085e00000, 0x0000000085e00000| Untracked 
|  27|0x0000000085f00000, 0x0000000085f00000, 0x0000000086000000|  0%| F|  |TAMS 0x0000000085f00000, 0x0000000085f00000| Untracked 
|  28|0x0000000086000000, 0x0000000086000000, 0x0000000086100000|  0%| F|  |TAMS 0x0000000086000000, 0x0000000086000000| Untracked 
|  29|0x0000000086100000, 0x0000000086100000, 0x0000000086200000|  0%| F|  |TAMS 0x0000000086100000, 0x0000000086100000| Untracked 
|  30|0x0000000086200000, 0x0000000086200000, 0x0000000086300000|  0%| F|  |TAMS 0x0000000086200000, 0x0000000086200000| Untracked 
|  31|0x0000000086300000, 0x0000000086300000, 0x0000000086400000|  0%| F|  |TAMS 0x0000000086300000, 0x0000000086300000| Untracked 
|  32|0x0000000086400000, 0x0000000086400000, 0x0000000086500000|  0%| F|  |TAMS 0x0000000086400000, 0x0000000086400000| Untracked 
|  33|0x0000000086500000, 0x0000000086500000, 0x0000000086600000|  0%| F|  |TAMS 0x0000000086500000, 0x0000000086500000| Untracked 
|  34|0x0000000086600000, 0x0000000086600000, 0x0000000086700000|  0%| F|  |TAMS 0x0000000086600000, 0x0000000086600000| Untracked 
|  35|0x0000000086700000, 0x0000000086700000, 0x0000000086800000|  0%| F|  |TAMS 0x0000000086700000, 0x0000000086700000| Untracked 
|  36|0x0000000086800000, 0x0000000086800000, 0x0000000086900000|  0%| F|  |TAMS 0x0000000086800000, 0x0000000086800000| Untracked 
|  37|0x0000000086900000, 0x0000000086900000, 0x0000000086a00000|  0%| F|  |TAMS 0x0000000086900000, 0x0000000086900000| Untracked 
|  38|0x0000000086a00000, 0x0000000086a00000, 0x0000000086b00000|  0%| F|  |TAMS 0x0000000086a00000, 0x0000000086a00000| Untracked 
|  39|0x0000000086b00000, 0x0000000086b00000, 0x0000000086c00000|  0%| F|  |TAMS 0x0000000086b00000, 0x0000000086b00000| Untracked 
|  40|0x0000000086c00000, 0x0000000086c00000, 0x0000000086d00000|  0%| F|  |TAMS 0x0000000086c00000, 0x0000000086c00000| Untracked 
|  41|0x0000000086d00000, 0x0000000086d00000, 0x0000000086e00000|  0%| F|  |TAMS 0x0000000086d00000, 0x0000000086d00000| Untracked 
|  42|0x0000000086e00000, 0x0000000086e00000, 0x0000000086f00000|  0%| F|  |TAMS 0x0000000086e00000, 0x0000000086e00000| Untracked 
|  43|0x0000000086f00000, 0x0000000086f00000, 0x0000000087000000|  0%| F|  |TAMS 0x0000000086f00000, 0x0000000086f00000| Untracked 
|  44|0x0000000087000000, 0x0000000087000000, 0x0000000087100000|  0%| F|  |TAMS 0x0000000087000000, 0x0000000087000000| Untracked 
|  45|0x0000000087100000, 0x0000000087100000, 0x0000000087200000|  0%| F|  |TAMS 0x0000000087100000, 0x0000000087100000| Untracked 
|  46|0x0000000087200000, 0x0000000087200000, 0x0000000087300000|  0%| F|  |TAMS 0x0000000087200000, 0x0000000087200000| Untracked 
|  47|0x0000000087300000, 0x0000000087300000, 0x0000000087400000|  0%| F|  |TAMS 0x0000000087300000, 0x0000000087300000| Untracked 
|  48|0x0000000087400000, 0x0000000087400000, 0x0000000087500000|  0%| F|  |TAMS 0x0000000087400000, 0x0000000087400000| Untracked 
|  49|0x0000000087500000, 0x0000000087500000, 0x0000000087600000|  0%| F|  |TAMS 0x0000000087500000, 0x0000000087500000| Untracked 
|  50|0x0000000087600000, 0x0000000087600000, 0x0000000087700000|  0%| F|  |TAMS 0x0000000087600000, 0x0000000087600000| Untracked 
|  51|0x0000000087700000, 0x0000000087700000, 0x0000000087800000|  0%| F|  |TAMS 0x0000000087700000, 0x0000000087700000| Untracked 
|  52|0x0000000087800000, 0x0000000087800000, 0x0000000087900000|  0%| F|  |TAMS 0x0000000087800000, 0x0000000087800000| Untracked 
|  53|0x0000000087900000, 0x0000000087900000, 0x0000000087a00000|  0%| F|  |TAMS 0x0000000087900000, 0x0000000087900000| Untracked 
|  54|0x0000000087a00000, 0x0000000087a00000, 0x0000000087b00000|  0%| F|  |TAMS 0x0000000087a00000, 0x0000000087a00000| Untracked 
|  55|0x0000000087b00000, 0x0000000087b00000, 0x0000000087c00000|  0%| F|  |TAMS 0x0000000087b00000, 0x0000000087b00000| Untracked 
|  56|0x0000000087c00000, 0x0000000087c00000, 0x0000000087d00000|  0%| F|  |TAMS 0x0000000087c00000, 0x0000000087c00000| Untracked 
|  57|0x0000000087d00000, 0x0000000087d00000, 0x0000000087e00000|  0%| F|  |TAMS 0x0000000087d00000, 0x0000000087d00000| Untracked 
|  58|0x0000000087e00000, 0x0000000087e00000, 0x0000000087f00000|  0%| F|  |TAMS 0x0000000087e00000, 0x0000000087e00000| Untracked 
|  59|0x0000000087f00000, 0x0000000087f00000, 0x0000000088000000|  0%| F|  |TAMS 0x0000000087f00000, 0x0000000087f00000| Untracked 
|  60|0x0000000088000000, 0x0000000088000000, 0x0000000088100000|  0%| F|  |TAMS 0x0000000088000000, 0x0000000088000000| Untracked 
|  61|0x0000000088100000, 0x0000000088100000, 0x0000000088200000|  0%| F|  |TAMS 0x0000000088100000, 0x0000000088100000| Untracked 
|  62|0x0000000088200000, 0x0000000088200000, 0x0000000088300000|  0%| F|  |TAMS 0x0000000088200000, 0x0000000088200000| Untracked 
|  63|0x0000000088300000, 0x0000000088300000, 0x0000000088400000|  0%| F|  |TAMS 0x0000000088300000, 0x0000000088300000| Untracked 
|  64|0x0000000088400000, 0x0000000088400000, 0x0000000088500000|  0%| F|  |TAMS 0x0000000088400000, 0x0000000088400000| Untracked 
|  65|0x0000000088500000, 0x0000000088500000, 0x0000000088600000|  0%| F|  |TAMS 0x0000000088500000, 0x0000000088500000| Untracked 
|  66|0x0000000088600000, 0x0000000088600000, 0x0000000088700000|  0%| F|  |TAMS 0x0000000088600000, 0x0000000088600000| Untracked 
|  67|0x0000000088700000, 0x0000000088700000, 0x0000000088800000|  0%| F|  |TAMS 0x0000000088700000, 0x0000000088700000| Untracked 
|  68|0x0000000088800000, 0x0000000088800000, 0x0000000088900000|  0%| F|  |TAMS 0x0000000088800000, 0x0000000088800000| Untracked 
|  69|0x0000000088900000, 0x0000000088900000, 0x0000000088a00000|  0%| F|  |TAMS 0x0000000088900000, 0x0000000088900000| Untracked 
|  70|0x0000000088a00000, 0x0000000088a00000, 0x0000000088b00000|  0%| F|  |TAMS 0x0000000088a00000, 0x0000000088a00000| Untracked 
|  71|0x0000000088b00000, 0x0000000088b00000, 0x0000000088c00000|  0%| F|  |TAMS 0x0000000088b00000, 0x0000000088b00000| Untracked 
|  72|0x0000000088c00000, 0x0000000088c00000, 0x0000000088d00000|  0%| F|  |TAMS 0x0000000088c00000, 0x0000000088c00000| Untracked 
|  73|0x0000000088d00000, 0x0000000088d00000, 0x0000000088e00000|  0%| F|  |TAMS 0x0000000088d00000, 0x0000000088d00000| Untracked 
|  74|0x0000000088e00000, 0x0000000088e00000, 0x0000000088f00000|  0%| F|  |TAMS 0x0000000088e00000, 0x0000000088e00000| Untracked 
|  75|0x0000000088f00000, 0x0000000088f00000, 0x0000000089000000|  0%| F|  |TAMS 0x0000000088f00000, 0x0000000088f00000| Untracked 
|  76|0x0000000089000000, 0x0000000089000000, 0x0000000089100000|  0%| F|  |TAMS 0x0000000089000000, 0x0000000089000000| Untracked 
|  77|0x0000000089100000, 0x0000000089100000, 0x0000000089200000|  0%| F|  |TAMS 0x0000000089100000, 0x0000000089100000| Untracked 
|  78|0x0000000089200000, 0x0000000089200000, 0x0000000089300000|  0%| F|  |TAMS 0x0000000089200000, 0x0000000089200000| Untracked 
|  79|0x0000000089300000, 0x0000000089300000, 0x0000000089400000|  0%| F|  |TAMS 0x0000000089300000, 0x0000000089300000| Untracked 
|  80|0x0000000089400000, 0x0000000089400000, 0x0000000089500000|  0%| F|  |TAMS 0x0000000089400000, 0x0000000089400000| Untracked 
|  81|0x0000000089500000, 0x0000000089500000, 0x0000000089600000|  0%| F|  |TAMS 0x0000000089500000, 0x0000000089500000| Untracked 
|  82|0x0000000089600000, 0x0000000089600000, 0x0000000089700000|  0%| F|  |TAMS 0x0000000089600000, 0x0000000089600000| Untracked 
|  83|0x0000000089700000, 0x0000000089700000, 0x0000000089800000|  0%| F|  |TAMS 0x0000000089700000, 0x0000000089700000| Untracked 
|  84|0x0000000089800000, 0x0000000089800000, 0x0000000089900000|  0%| F|  |TAMS 0x0000000089800000, 0x0000000089800000| Untracked 
|  85|0x0000000089900000, 0x0000000089900000, 0x0000000089a00000|  0%| F|  |TAMS 0x0000000089900000, 0x0000000089900000| Untracked 
|  86|0x0000000089a00000, 0x0000000089a00000, 0x0000000089b00000|  0%| F|  |TAMS 0x0000000089a00000, 0x0000000089a00000| Untracked 
|  87|0x0000000089b00000, 0x0000000089b00000, 0x0000000089c00000|  0%| F|  |TAMS 0x0000000089b00000, 0x0000000089b00000| Untracked 
|  88|0x0000000089c00000, 0x0000000089c00000, 0x0000000089d00000|  0%| F|  |TAMS 0x0000000089c00000, 0x0000000089c00000| Untracked 
|  89|0x0000000089d00000, 0x0000000089d00000, 0x0000000089e00000|  0%| F|  |TAMS 0x0000000089d00000, 0x0000000089d00000| Untracked 
|  90|0x0000000089e00000, 0x0000000089e00000, 0x0000000089f00000|  0%| F|  |TAMS 0x0000000089e00000, 0x0000000089e00000| Untracked 
|  91|0x0000000089f00000, 0x0000000089f00000, 0x000000008a000000|  0%| F|  |TAMS 0x0000000089f00000, 0x0000000089f00000| Untracked 
|  92|0x000000008a000000, 0x000000008a000000, 0x000000008a100000|  0%| F|  |TAMS 0x000000008a000000, 0x000000008a000000| Untracked 
|  93|0x000000008a100000, 0x000000008a100000, 0x000000008a200000|  0%| F|  |TAMS 0x000000008a100000, 0x000000008a100000| Untracked 
|  94|0x000000008a200000, 0x000000008a200000, 0x000000008a300000|  0%| F|  |TAMS 0x000000008a200000, 0x000000008a200000| Untracked 
|  95|0x000000008a300000, 0x000000008a300000, 0x000000008a400000|  0%| F|  |TAMS 0x000000008a300000, 0x000000008a300000| Untracked 
|  96|0x000000008a400000, 0x000000008a400000, 0x000000008a500000|  0%| F|  |TAMS 0x000000008a400000, 0x000000008a400000| Untracked 
|  97|0x000000008a500000, 0x000000008a500000, 0x000000008a600000|  0%| F|  |TAMS 0x000000008a500000, 0x000000008a500000| Untracked 
|  98|0x000000008a600000, 0x000000008a600000, 0x000000008a700000|  0%| F|  |TAMS 0x000000008a600000, 0x000000008a600000| Untracked 
|  99|0x000000008a700000, 0x000000008a700000, 0x000000008a800000|  0%| F|  |TAMS 0x000000008a700000, 0x000000008a700000| Untracked 
| 100|0x000000008a800000, 0x000000008a800000, 0x000000008a900000|  0%| F|  |TAMS 0x000000008a800000, 0x000000008a800000| Untracked 
| 101|0x000000008a900000, 0x000000008a900000, 0x000000008aa00000|  0%| F|  |TAMS 0x000000008a900000, 0x000000008a900000| Untracked 
| 102|0x000000008aa00000, 0x000000008aa00000, 0x000000008ab00000|  0%| F|  |TAMS 0x000000008aa00000, 0x000000008aa00000| Untracked 
| 103|0x000000008ab00000, 0x000000008ab00000, 0x000000008ac00000|  0%| F|  |TAMS 0x000000008ab00000, 0x000000008ab00000| Untracked 
| 104|0x000000008ac00000, 0x000000008ac00000, 0x000000008ad00000|  0%| F|  |TAMS 0x000000008ac00000, 0x000000008ac00000| Untracked 
| 105|0x000000008ad00000, 0x000000008ad00000, 0x000000008ae00000|  0%| F|  |TAMS 0x000000008ad00000, 0x000000008ad00000| Untracked 
| 106|0x000000008ae00000, 0x000000008ae78d20, 0x000000008af00000| 47%| E|  |TAMS 0x000000008ae00000, 0x000000008ae00000| Complete 
| 107|0x000000008af00000, 0x000000008b000000, 0x000000008b000000|100%| E|CS|TAMS 0x000000008af00000, 0x000000008af00000| Complete 
| 108|0x000000008b000000, 0x000000008b100000, 0x000000008b100000|100%| E|CS|TAMS 0x000000008b000000, 0x000000008b000000| Complete 
| 109|0x000000008b100000, 0x000000008b200000, 0x000000008b200000|100%| E|CS|TAMS 0x000000008b100000, 0x000000008b100000| Complete 
| 110|0x000000008b200000, 0x000000008b300000, 0x000000008b300000|100%| E|CS|TAMS 0x000000008b200000, 0x000000008b200000| Complete 
| 111|0x000000008b300000, 0x000000008b400000, 0x000000008b400000|100%| E|  |TAMS 0x000000008b300000, 0x000000008b300000| Complete 
| 112|0x000000008b400000, 0x000000008b500000, 0x000000008b500000|100%| E|CS|TAMS 0x000000008b400000, 0x000000008b400000| Complete 
| 113|0x000000008b500000, 0x000000008b600000, 0x000000008b600000|100%| E|CS|TAMS 0x000000008b500000, 0x000000008b500000| Complete 
| 114|0x000000008b600000, 0x000000008b700000, 0x000000008b700000|100%| E|CS|TAMS 0x000000008b600000, 0x000000008b600000| Complete 
| 115|0x000000008b700000, 0x000000008b800000, 0x000000008b800000|100%| E|CS|TAMS 0x000000008b700000, 0x000000008b700000| Complete 
| 116|0x000000008b800000, 0x000000008b900000, 0x000000008b900000|100%| E|CS|TAMS 0x000000008b800000, 0x000000008b800000| Complete 
| 117|0x000000008b900000, 0x000000008ba00000, 0x000000008ba00000|100%| E|CS|TAMS 0x000000008b900000, 0x000000008b900000| Complete 
| 118|0x000000008ba00000, 0x000000008bb00000, 0x000000008bb00000|100%| E|CS|TAMS 0x000000008ba00000, 0x000000008ba00000| Complete 
| 119|0x000000008bb00000, 0x000000008bc00000, 0x000000008bc00000|100%| E|CS|TAMS 0x000000008bb00000, 0x000000008bb00000| Complete 
| 120|0x000000008bc00000, 0x000000008bd00000, 0x000000008bd00000|100%| E|CS|TAMS 0x000000008bc00000, 0x000000008bc00000| Complete 
| 121|0x000000008bd00000, 0x000000008be00000, 0x000000008be00000|100%| E|CS|TAMS 0x000000008bd00000, 0x000000008bd00000| Complete 
| 122|0x000000008be00000, 0x000000008bf00000, 0x000000008bf00000|100%| E|CS|TAMS 0x000000008be00000, 0x000000008be00000| Complete 
| 123|0x000000008bf00000, 0x000000008c000000, 0x000000008c000000|100%| E|CS|TAMS 0x000000008bf00000, 0x000000008bf00000| Complete 

Card table byte_map: [0x000001431f710000,0x000001431faf0000] _byte_map_base: 0x000001431f2ee000

Marking Bits (Prev, Next): (CMBitMap*) 0x0000014307e12b60, (CMBitMap*) 0x0000014307e12ba0
 Prev Bits: [0x000001431fed0000, 0x0000014321dc0000)
 Next Bits: [0x0000014321dc0000, 0x0000014323cb0000)

Polling page: 0x0000014307590000

Metaspace:

Usage:
  Non-class:      6.37 MB capacity,     5.69 MB ( 89%) used,   693.76 KB ( 11%) free+waste,     9.81 KB ( <1%) overhead. 
      Class:    544.00 KB capacity,   432.52 KB ( 80%) used,   107.48 KB ( 20%) free+waste,     4.00 KB ( <1%) overhead. 
       Both:      6.90 MB capacity,     6.11 MB ( 88%) used,   801.23 KB ( 11%) free+waste,    13.81 KB ( <1%) overhead. 

Virtual space:
  Non-class space:        8.00 MB reserved,       6.50 MB ( 81%) committed 
      Class space:        1.00 GB reserved,     640.00 KB ( <1%) committed 
             Both:        1.01 GB reserved,       7.12 MB ( <1%) committed 

Chunk freelists:
   Non-Class:  130.00 KB
       Class:  0 bytes
        Both:  130.00 KB

MaxMetaspaceSize: 17179869184.00 GB
CompressedClassSpaceSize: 1.00 GB

CodeHeap 'non-profiled nmethods': size=120000Kb used=287Kb max_used=287Kb free=119712Kb
 bounds [0x0000014317ac0000, 0x0000014317d30000, 0x000001431eff0000]
CodeHeap 'profiled nmethods': size=120000Kb used=1450Kb max_used=1450Kb free=118550Kb
 bounds [0x0000014310590000, 0x0000014310800000, 0x0000014317ac0000]
CodeHeap 'non-nmethods': size=5760Kb used=1679Kb max_used=1694Kb free=4080Kb
 bounds [0x000001430fff0000, 0x0000014310260000, 0x0000014310590000]
 total_blobs=2017 nmethods=935 adapters=995
 compilation: enabled
              stopped_count=0, restarted_count=0
 full_count=0

Compilation events (20 events):
Event: 0.836 Thread 0x00000143267068f0 nmethod 929 0x00000143106f7710 code [0x00000143106f78c0, 0x00000143106f79e8]
Event: 0.836 Thread 0x00000143267068f0  930       3       java.util.Scanner::clearCaches (11 bytes)
Event: 0.836 Thread 0x00000143267068f0 nmethod 930 0x00000143106f7a90 code [0x00000143106f7c20, 0x00000143106f7d78]
Event: 0.836 Thread 0x00000143267068f0  931       3       java.util.regex.Pattern$LastNode::match (45 bytes)
Event: 0.837 Thread 0x00000143267068f0 nmethod 931 0x00000143106f7e10 code [0x00000143106f7fc0, 0x00000143106f81b8]
Event: 0.837 Thread 0x00000143267068f0  933       3       java.util.Scanner::hasNextLine (85 bytes)
Event: 0.837 Thread 0x000001432bbcc4c0  926       4       java.nio.HeapCharBuffer::get (19 bytes)
Event: 0.838 Thread 0x00000143267068f0 nmethod 933 0x00000143106f8310 code [0x00000143106f8620, 0x00000143106f9798]
Event: 0.838 Thread 0x00000143267068f0  934       3       java.util.Scanner::saveState (9 bytes)
Event: 0.838 Thread 0x0000014326705fd0 nmethod 903 0x0000014317b06310 code [0x0000014317b064a0, 0x0000014317b06978]
Event: 0.838 Thread 0x0000014326705fd0  932       4       java.lang.Character::codePointAt (51 bytes)
Event: 0.838 Thread 0x00000143267068f0 nmethod 934 0x00000143106f9e10 code [0x00000143106f9fa0, 0x00000143106fa098]
Event: 0.838 Thread 0x00000143267068f0  935       3       java.util.Scanner::match (26 bytes)
Event: 0.838 Thread 0x000001432bbcc4c0 nmethod 926 0x0000014317b06c10 code [0x0000014317b06da0, 0x0000014317b06e98]
Event: 0.838 Thread 0x000001432bbcc4c0  925       4       java.nio.CharBuffer::charAt (16 bytes)
Event: 0.838 Thread 0x00000143267068f0 nmethod 935 0x00000143106fa110 code [0x00000143106fa2e0, 0x00000143106fa668]
Event: 0.840 Thread 0x000001432bbcc4c0 nmethod 925 0x0000014317b07010 code [0x0000014317b071a0, 0x0000014317b07318]
Event: 0.840 Thread 0x000001432bbcc4c0  918       4       java.lang.String::checkBoundsOffCount (64 bytes)
Event: 0.840 Thread 0x0000014326705fd0 nmethod 932 0x0000014317b07510 code [0x0000014317b076a0, 0x0000014317b07858]
Event: 0.840 Thread 0x000001432bbcc4c0 nmethod 918 0x0000014317b07b10 code [0x0000014317b07c80, 0x0000014317b07d18]

GC Heap History (0 events):
No events

Deoptimization events (20 events):
Event: 0.309 Thread 0x0000014307dd2d10 DEOPT PACKING pc=0x0000014317ae8ae8 sp=0x00000024ba3fd300
Event: 0.309 Thread 0x0000014307dd2d10 DEOPT UNPACKING pc=0x000001430fff852f sp=0x00000024ba3fd278 mode 2
Event: 0.810 Thread 0x0000014307dd2d10 Uncommon trap: trap_request=0xffffff45 fr.pc=0x0000014317ac18d8 relative=0x0000000000000058
Event: 0.810 Thread 0x0000014307dd2d10 Uncommon trap: reason=unstable_if action=reinterpret pc=0x0000014317ac18d8 method=java.lang.String.isLatin1()Z @ 10 c2
Event: 0.810 Thread 0x0000014307dd2d10 DEOPT PACKING pc=0x0000014317ac18d8 sp=0x00000024ba3fea00
Event: 0.810 Thread 0x0000014307dd2d10 DEOPT UNPACKING pc=0x000001430fff852f sp=0x00000024ba3fe990 mode 2
Event: 0.812 Thread 0x0000014307dd2d10 Uncommon trap: trap_request=0xffffff45 fr.pc=0x0000014317af095c relative=0x000000000000049c
Event: 0.813 Thread 0x0000014307dd2d10 Uncommon trap: reason=unstable_if action=reinterpret pc=0x0000014317af095c method=java.lang.AbstractStringBuilder.putStringAt(ILjava/lang/String;)V @ 8 c2
Event: 0.813 Thread 0x0000014307dd2d10 DEOPT PACKING pc=0x0000014317af095c sp=0x00000024ba3fee30
Event: 0.813 Thread 0x0000014307dd2d10 DEOPT UNPACKING pc=0x000001430fff852f sp=0x00000024ba3fed38 mode 2
Event: 0.813 Thread 0x0000014307dd2d10 Uncommon trap: trap_request=0xffffff45 fr.pc=0x0000014317afc454 relative=0x0000000000000494
Event: 0.813 Thread 0x0000014307dd2d10 Uncommon trap: reason=unstable_if action=reinterpret pc=0x0000014317afc454 method=java.lang.AbstractStringBuilder.putStringAt(ILjava/lang/String;)V @ 8 c2
Event: 0.813 Thread 0x0000014307dd2d10 DEOPT PACKING pc=0x0000014317afc454 sp=0x00000024ba3fedc0
Event: 0.813 Thread 0x0000014307dd2d10 DEOPT UNPACKING pc=0x000001430fff852f sp=0x00000024ba3fed30 mode 2
Event: 0.813 Thread 0x0000014307dd2d10 Uncommon trap: trap_request=0xffffff45 fr.pc=0x0000014317aef4ec relative=0x00000000000000cc
Event: 0.813 Thread 0x0000014307dd2d10 Uncommon trap: reason=unstable_if action=reinterpret pc=0x0000014317aef4ec method=java.lang.String.getBytes([BIB)V @ 5 c2
Event: 0.813 Thread 0x0000014307dd2d10 DEOPT PACKING pc=0x0000014317aef4ec sp=0x00000024ba3fece0
Event: 0.813 Thread 0x0000014307dd2d10 DEOPT UNPACKING pc=0x000001430fff852f sp=0x00000024ba3feca8 mode 2
Event: 0.829 Thread 0x0000014307dd2d10 DEOPT PACKING pc=0x00000143105f97df sp=0x00000024ba3fe700
Event: 0.829 Thread 0x0000014307dd2d10 DEOPT UNPACKING pc=0x000001431003f6cf sp=0x00000024ba3fdb50 mode 0

Classes unloaded (0 events):
No events

Classes redefined (0 events):
No events

Internal exceptions (20 events):
Event: 0.282 Thread 0x0000014307dd2d10 Exception <a 'java/lang/NoSuchMethodError'{0x000000008b79d0f0}: 'java.lang.Object java.lang.invoke.DirectMethodHandle$Holder.invokeStatic(java.lang.Object, java.lang.Object, int)'> (0x000000008b79d0f0) 
thrown [./open/src/hotspot/share/interpreter/linkResolver.cpp, line 782]
Event: 0.283 Thread 0x0000014307dd2d10 Exception <a 'java/lang/NoSuchMethodError'{0x000000008b7a91b8}: 'void java.lang.invoke.DelegatingMethodHandle$Holder.delegate(java.lang.Object, java.lang.Object, int, java.lang.Object)'> (0x000000008b7a91b8) 
thrown [./open/src/hotspot/share/interpreter/linkResolver.cpp, line 782]
Event: 0.284 Thread 0x0000014307dd2d10 Exception <a 'java/lang/NoSuchMethodError'{0x000000008b7ad418}: 'int java.lang.invoke.DirectMethodHandle$Holder.invokeSpecial(java.lang.Object, java.lang.Object, java.lang.Object)'> (0x000000008b7ad418) 
thrown [./open/src/hotspot/share/interpreter/linkResolver.cpp, line 782]
Event: 0.302 Thread 0x0000014307dd2d10 Exception <a 'sun/nio/fs/WindowsException'{0x000000008b7f2c10}> (0x000000008b7f2c10) 
thrown [./open/src/hotspot/share/prims/jni.cpp, line 578]
Event: 0.303 Thread 0x0000014307dd2d10 Exception <a 'sun/nio/fs/WindowsException'{0x000000008b7f3160}> (0x000000008b7f3160) 
thrown [./open/src/hotspot/share/prims/jni.cpp, line 578]
Event: 0.323 Thread 0x0000014307dd2d10 Exception <a 'java/lang/NoSuchMethodError'{0x000000008b686c30}: 'void java.lang.invoke.DirectMethodHandle$Holder.invokeStaticInit(java.lang.Object, java.lang.Object)'> (0x000000008b686c30) 
thrown [./open/src/hotspot/share/interpreter/linkResolver.cpp, line 782]
Event: 0.342 Thread 0x0000014307dd2d10 Exception <a 'sun/nio/fs/WindowsException'{0x000000008b6c4d20}> (0x000000008b6c4d20) 
thrown [./open/src/hotspot/share/prims/jni.cpp, line 578]
Event: 0.342 Thread 0x0000014307dd2d10 Exception <a 'sun/nio/fs/WindowsException'{0x000000008b6c5080}> (0x000000008b6c5080) 
thrown [./open/src/hotspot/share/prims/jni.cpp, line 578]
Event: 0.349 Thread 0x0000014307dd2d10 Exception <a 'java/lang/NoSuchMethodError'{0x000000008b5146e0}: 'int java.lang.invoke.DirectMethodHandle$Holder.invokeStaticInit(java.lang.Object, java.lang.Object, int, long)'> (0x000000008b5146e0) 
thrown [./open/src/hotspot/share/interpreter/linkResolver.cpp, line 782]
Event: 0.350 Thread 0x0000014307dd2d10 Exception <a 'java/lang/NoSuchMethodError'{0x000000008b51a1b0}: 'java.lang.Object java.lang.invoke.DirectMethodHandle$Holder.newInvokeSpecial(java.lang.Object, java.lang.Object, int)'> (0x000000008b51a1b0) 
thrown [./open/src/hotspot/share/interpreter/linkResolver.cpp, line 782]
Event: 0.351 Thread 0x0000014307dd2d10 Exception <a 'java/lang/NoSuchMethodError'{0x000000008b529218}: 'int java.lang.invoke.DirectMethodHandle$Holder.invokeStaticInit(java.lang.Object, java.lang.Object, long, long)'> (0x000000008b529218) 
thrown [./open/src/hotspot/share/interpreter/linkResolver.cpp, line 782]
Event: 0.352 Thread 0x0000014307dd2d10 Exception <a 'java/lang/NoSuchMethodError'{0x000000008b52f330}: 'java.lang.Object java.lang.invoke.DirectMethodHandle$Holder.newInvokeSpecial(java.lang.Object, java.lang.Object, long)'> (0x000000008b52f330) 
thrown [./open/src/hotspot/share/interpreter/linkResolver.cpp, line 782]
Event: 0.352 Thread 0x0000014307dd2d10 Exception <a 'java/lang/NoSuchMethodError'{0x000000008b5330a0}: 'java.lang.Object java.lang.invoke.Invokers$Holder.linkToTargetMethod(java.lang.Object, long, java.lang.Object)'> (0x000000008b5330a0) 
thrown [./open/src/hotspot/share/interpreter/linkResolver.cpp, line 782]
Event: 0.352 Thread 0x0000014307dd2d10 Exception <a 'java/lang/NoSuchMethodError'{0x000000008b53a968}: 'int java.lang.invoke.DirectMethodHandle$Holder.invokeStaticInit(java.lang.Object, java.lang.Object, java.lang.Object, long)'> (0x000000008b53a968) 
thrown [./open/src/hotspot/share/interpreter/linkResolver.cpp, line 782]
Event: 0.657 Thread 0x0000014307dd2d10 Exception <a 'sun/nio/fs/WindowsException'{0x000000008b410438}> (0x000000008b410438) 
thrown [./open/src/hotspot/share/prims/jni.cpp, line 578]
Event: 0.657 Thread 0x0000014307dd2d10 Exception <a 'sun/nio/fs/WindowsException'{0x000000008b4107c8}> (0x000000008b4107c8) 
thrown [./open/src/hotspot/share/prims/jni.cpp, line 578]
Event: 0.677 Thread 0x0000014307dd2d10 Exception <a 'sun/nio/fs/WindowsException'{0x000000008b49a928}> (0x000000008b49a928) 
thrown [./open/src/hotspot/share/prims/jni.cpp, line 578]
Event: 0.677 Thread 0x0000014307dd2d10 Exception <a 'sun/nio/fs/WindowsException'{0x000000008b49acc8}> (0x000000008b49acc8) 
thrown [./open/src/hotspot/share/prims/jni.cpp, line 578]
Event: 0.681 Thread 0x0000014307dd2d10 Exception <a 'sun/nio/fs/WindowsException'{0x000000008b4b5478}> (0x000000008b4b5478) 
thrown [./open/src/hotspot/share/prims/jni.cpp, line 578]
Event: 0.681 Thread 0x0000014307dd2d10 Exception <a 'sun/nio/fs/WindowsException'{0x000000008b4b5748}> (0x000000008b4b5748) 
thrown [./open/src/hotspot/share/prims/jni.cpp, line 578]

Events (20 events):
Event: 0.793 loading class jdk/internal/module/ModulePatcher$PatchedModuleReader done
Event: 0.793 loading class sun/net/www/protocol/jrt/Handler
Event: 0.793 loading class sun/net/www/protocol/jrt/Handler done
Event: 0.805 loading class sun/text/resources/cldr/FormatData_en
Event: 0.805 loading class sun/text/resources/cldr/FormatData_en done
Event: 0.805 loading class sun/text/resources/cldr/FormatData_en_US
Event: 0.805 loading class sun/text/resources/cldr/FormatData_en_US done
Event: 0.813 loading class java/nio/channels/spi/AbstractInterruptibleChannel$1
Event: 0.813 loading class sun/nio/ch/Interruptible
Event: 0.813 loading class sun/nio/ch/Interruptible done
Event: 0.813 loading class java/nio/channels/spi/AbstractInterruptibleChannel$1 done
Event: 0.814 loading class java/util/regex/Matcher$ImmutableMatchResult
Event: 0.814 loading class java/util/regex/Matcher$ImmutableMatchResult done
Event: 0.822 Executing VM operation: ICBufferFull
Event: 0.822 Executing VM operation: ICBufferFull done
Event: 0.822 Executing VM operation: HandshakeAllThreads
Event: 0.822 Executing VM operation: HandshakeAllThreads done
Event: 0.836 Executing VM operation: ICBufferFull
Event: 0.836 Executing VM operation: ICBufferFull done
Event: 0.837 Thread 0x000001432bbcc4c0 Thread added: 0x000001432bbcc4c0


Dynamic libraries:
0x00007ff6177d0000 - 0x00007ff6177df000 	C:\Program Files\Java\jdk-15.0.1\bin\javaw.exe
0x00007ff9969f0000 - 0x00007ff996c07000 	C:\WINDOWS\SYSTEM32\ntdll.dll
0x00007ff995980000 - 0x00007ff995a44000 	C:\WINDOWS\System32\KERNEL32.DLL
0x00007ff994060000 - 0x00007ff994406000 	C:\WINDOWS\System32\KERNELBASE.dll
0x00007ff993d60000 - 0x00007ff993e71000 	C:\WINDOWS\System32\ucrtbase.dll
0x00007ff98ae80000 - 0x00007ff98ae98000 	C:\Program Files\Java\jdk-15.0.1\bin\jli.dll
0x00007ff98ae60000 - 0x00007ff98ae79000 	C:\Program Files\Java\jdk-15.0.1\bin\VCRUNTIME140.dll
0x00007ff996150000 - 0x00007ff996203000 	C:\WINDOWS\System32\ADVAPI32.dll
0x00007ff995d40000 - 0x00007ff995de7000 	C:\WINDOWS\System32\msvcrt.dll
0x00007ff9964e0000 - 0x00007ff996588000 	C:\WINDOWS\System32\sechost.dll
0x00007ff993d30000 - 0x00007ff993d58000 	C:\WINDOWS\System32\bcrypt.dll
0x00007ff995e70000 - 0x00007ff995f87000 	C:\WINDOWS\System32\RPCRT4.dll
0x00007ff994740000 - 0x00007ff9948ee000 	C:\WINDOWS\System32\USER32.dll
0x00007ff993ef0000 - 0x00007ff993f16000 	C:\WINDOWS\System32\win32u.dll
0x00007ff976580000 - 0x00007ff976813000 	C:\WINDOWS\WinSxS\amd64_microsoft.windows.common-controls_6595b64144ccf1df_6.0.22621.2506_none_270c5ae97388e100\COMCTL32.dll
0x00007ff996430000 - 0x00007ff996459000 	C:\WINDOWS\System32\GDI32.dll
0x00007ff9944b0000 - 0x00007ff9945c8000 	C:\WINDOWS\System32\gdi32full.dll
0x00007ff994410000 - 0x00007ff9944aa000 	C:\WINDOWS\System32\msvcp_win.dll
0x00007ff98c710000 - 0x00007ff98c71a000 	C:\WINDOWS\SYSTEM32\VERSION.dll
0x00007ff995ac0000 - 0x00007ff995af1000 	C:\WINDOWS\System32\IMM32.DLL
0x00007ff98b5b0000 - 0x00007ff98b5bc000 	C:\Program Files\Java\jdk-15.0.1\bin\vcruntime140_1.dll
0x00007ff9877c0000 - 0x00007ff987851000 	C:\Program Files\Java\jdk-15.0.1\bin\msvcp140.dll
0x00007ff8f1db0000 - 0x00007ff8f290e000 	C:\Program Files\Java\jdk-15.0.1\bin\server\jvm.dll
0x00007ff995290000 - 0x00007ff995298000 	C:\WINDOWS\System32\PSAPI.DLL
0x00007ff969b10000 - 0x00007ff969b19000 	C:\WINDOWS\SYSTEM32\WSOCK32.dll
0x00007ff996210000 - 0x00007ff996281000 	C:\WINDOWS\System32\WS2_32.dll
0x00007ff991470000 - 0x00007ff9914a4000 	C:\WINDOWS\SYSTEM32\WINMM.dll
0x00007ff992e50000 - 0x00007ff992e68000 	C:\WINDOWS\SYSTEM32\kernel.appcore.dll
0x00007ff98ade0000 - 0x00007ff98adea000 	C:\Program Files\Java\jdk-15.0.1\bin\jimage.dll
0x00007ff991100000 - 0x00007ff991333000 	C:\WINDOWS\SYSTEM32\DBGHELP.DLL
0x00007ff996620000 - 0x00007ff9969a9000 	C:\WINDOWS\System32\combase.dll
0x00007ff995c00000 - 0x00007ff995cd7000 	C:\WINDOWS\System32\OLEAUT32.dll
0x00007ff991430000 - 0x00007ff991462000 	C:\WINDOWS\SYSTEM32\dbgcore.DLL
0x00007ff993f20000 - 0x00007ff993f9a000 	C:\WINDOWS\System32\bcryptPrimitives.dll
0x00007ff9880e0000 - 0x00007ff988105000 	C:\Program Files\Java\jdk-15.0.1\bin\java.dll
0x00007ff994900000 - 0x00007ff99515a000 	C:\WINDOWS\System32\SHELL32.dll
0x00007ff991c90000 - 0x00007ff992586000 	C:\WINDOWS\SYSTEM32\windows.storage.dll
0x00007ff991b50000 - 0x00007ff991c8e000 	C:\WINDOWS\SYSTEM32\wintypes.dll
0x00007ff995170000 - 0x00007ff995263000 	C:\WINDOWS\System32\SHCORE.dll
0x00007ff995ce0000 - 0x00007ff995d3e000 	C:\WINDOWS\System32\shlwapi.dll
0x00007ff993c60000 - 0x00007ff993c86000 	C:\WINDOWS\SYSTEM32\profapi.dll
0x00007ff949990000 - 0x00007ff949b10000 	C:\Program Files\Java\jdk-15.0.1\bin\awt.dll
0x00007ff990a50000 - 0x00007ff990ae7000 	C:\WINDOWS\SYSTEM32\apphelp.dll
0x00007ff98a890000 - 0x00007ff98a8a9000 	C:\Program Files\Java\jdk-15.0.1\bin\net.dll
0x00007ff98d940000 - 0x00007ff98da77000 	C:\WINDOWS\SYSTEM32\WINHTTP.dll
0x00007ff9932d0000 - 0x00007ff993339000 	C:\WINDOWS\system32\mswsock.dll
0x00007ff98a870000 - 0x00007ff98a882000 	C:\Program Files\Java\jdk-15.0.1\bin\nio.dll
0x00007ff98a850000 - 0x00007ff98a868000 	C:\Program Files\Java\jdk-15.0.1\bin\zip.dll
0x00007ff990cf0000 - 0x00007ff990d9b000 	C:\WINDOWS\system32\uxtheme.dll
0x00007ff995300000 - 0x00007ff995450000 	C:\WINDOWS\System32\MSCTF.dll
0x00007ff996290000 - 0x00007ff996430000 	C:\WINDOWS\System32\ole32.dll
0x00007ff990f20000 - 0x00007ff990f4b000 	C:\WINDOWS\system32\DWMAPI.DLL
0x00007ff94b810000 - 0x00007ff94b910000 	C:\WINDOWS\system32\opengl32.dll
0x00007ff94b710000 - 0x00007ff94b73d000 	C:\WINDOWS\SYSTEM32\GLU32.dll
0x00007ff990dd0000 - 0x00007ff990e06000 	C:\WINDOWS\SYSTEM32\dxcore.dll
0x00007ff98ad50000 - 0x00007ff98ad60000 	C:\Program Files\Java\jdk-15.0.1\bin\verify.dll
0x00007ff9782a0000 - 0x00007ff97831b000 	C:\Users\findy\AppData\Local\Temp\lwjgl_findy\3.3.3+5\x64\lwjgl.dll
0x00007ff961900000 - 0x00007ff961982000 	C:\Users\findy\AppData\Local\Temp\lwjgl_findy\3.3.3+5\x64\glfw.dll
0x00007ff9878c0000 - 0x00007ff987906000 	C:\WINDOWS\SYSTEM32\dinput8.dll
0x00007ff98a830000 - 0x00007ff98a841000 	C:\WINDOWS\SYSTEM32\xinput1_4.dll
0x00007ff993a40000 - 0x00007ff993a8e000 	C:\WINDOWS\SYSTEM32\cfgmgr32.dll
0x00007ff9939f0000 - 0x00007ff993a1c000 	C:\WINDOWS\SYSTEM32\DEVOBJ.dll
0x00007ff979740000 - 0x00007ff97994a000 	C:\WINDOWS\SYSTEM32\inputhost.dll
0x00007ff990360000 - 0x00007ff990494000 	C:\WINDOWS\SYSTEM32\CoreMessaging.dll
0x00007ff993520000 - 0x00007ff99352c000 	C:\WINDOWS\SYSTEM32\CRYPTBASE.DLL
0x00007ff987470000 - 0x00007ff9874ba000 	C:\WINDOWS\SYSTEM32\directxdatabasehelper.dll
0x00007ff995450000 - 0x00007ff995500000 	C:\WINDOWS\System32\clbcatq.dll
0x00007ff98c220000 - 0x00007ff98c355000 	C:\Windows\System32\AppXDeploymentClient.dll
0x00007ff8f0c80000 - 0x00007ff8f1dab000 	C:\WINDOWS\System32\DriverStore\FileRepository\iigd_dch.inf_amd64_3fd734cf72127ac9\igxelpicd64.dll
0x00007ff990e10000 - 0x00007ff990f08000 	C:\WINDOWS\system32\dxgi.dll
0x00007ff949830000 - 0x00007ff949985000 	C:\WINDOWS\System32\DriverStore\FileRepository\iigd_dch.inf_amd64_3fd734cf72127ac9\igdml64.dll
0x00007ff980f40000 - 0x00007ff981378000 	C:\WINDOWS\System32\DriverStore\FileRepository\iigd_dch.inf_amd64_3fd734cf72127ac9\igdgmm64.dll
0x00007ff993e80000 - 0x00007ff993eeb000 	C:\WINDOWS\System32\WINTRUST.dll
0x00007ff9945d0000 - 0x00007ff994736000 	C:\WINDOWS\System32\CRYPT32.dll
0x00007ff993580000 - 0x00007ff993592000 	C:\WINDOWS\SYSTEM32\MSASN1.dll
0x00007ff97cf30000 - 0x00007ff980ddd000 	C:\WINDOWS\System32\DriverStore\FileRepository\iigd_dch.inf_amd64_3fd734cf72127ac9\igc64.dll
0x00007ff992bb0000 - 0x00007ff992bfd000 	C:\WINDOWS\SYSTEM32\powrprof.dll
0x00007ff992b90000 - 0x00007ff992ba3000 	C:\WINDOWS\SYSTEM32\UMPDC.dll
0x00007ff931080000 - 0x00007ff9312f0000 	C:\Users\findy\AppData\Local\Temp\lwjgl_findy\3.3.3+5\x64\jemalloc.dll
0x00007ff975910000 - 0x00007ff97596e000 	C:\Users\findy\AppData\Local\Temp\lwjgl_findy\3.3.3+5\x64\lwjgl_opengl.dll
0x00007ff987170000 - 0x00007ff9872ba000 	C:\WINDOWS\SYSTEM32\textinputframework.dll
0x00007ff9863a0000 - 0x00007ff98670c000 	C:\WINDOWS\SYSTEM32\CoreUIComponents.dll

dbghelp: loaded successfully - version: 4.0.5 - missing functions: none
symbol engine: initialized successfully - sym options: 0x614 - pdb path: .;C:\Program Files\Java\jdk-15.0.1\bin;C:\WINDOWS\SYSTEM32;C:\WINDOWS\WinSxS\amd64_microsoft.windows.common-controls_6595b64144ccf1df_6.0.22621.2506_none_270c5ae97388e100;C:\Program Files\Java\jdk-15.0.1\bin\server;C:\Users\findy\AppData\Local\Temp\lwjgl_findy\3.3.3+5\x64;C:\WINDOWS\System32\DriverStore\FileRepository\iigd_dch.inf_amd64_3fd734cf72127ac9

VM Arguments:
jvm_args: -Dfile.encoding=Cp1252 -XX:+ShowCodeDetailsInExceptionMessages 
java_command: main.Main
java_class_path (initial): C:\Users\findy\Desktop\Yope3D\project\Yope3D\target\classes;C:\Users\findy\.m2\repository\org\lwjgl\lwjgl\3.3.3\lwjgl-3.3.3.jar;C:\Users\findy\.m2\repository\org\lwjgl\lwjgl-assimp\3.3.3\lwjgl-assimp-3.3.3.jar;C:\Users\findy\.m2\repository\org\lwjgl\lwjgl-bgfx\3.3.3\lwjgl-bgfx-3.3.3.jar;C:\Users\findy\.m2\repository\org\lwjgl\lwjgl-cuda\3.3.3\lwjgl-cuda-3.3.3.jar;C:\Users\findy\.m2\repository\org\lwjgl\lwjgl-egl\3.3.3\lwjgl-egl-3.3.3.jar;C:\Users\findy\.m2\repository\org\lwjgl\lwjgl-fmod\3.3.3\lwjgl-fmod-3.3.3.jar;C:\Users\findy\.m2\repository\org\lwjgl\lwjgl-freetype\3.3.3\lwjgl-freetype-3.3.3.jar;C:\Users\findy\.m2\repository\org\lwjgl\lwjgl-glfw\3.3.3\lwjgl-glfw-3.3.3.jar;C:\Users\findy\.m2\repository\org\lwjgl\lwjgl-harfbuzz\3.3.3\lwjgl-harfbuzz-3.3.3.jar;C:\Users\findy\.m2\repository\org\lwjgl\lwjgl-hwloc\3.3.3\lwjgl-hwloc-3.3.3.jar;C:\Users\findy\.m2\repository\org\lwjgl\lwjgl-jawt\3.3.3\lwjgl-jawt-3.3.3.jar;C:\Users\findy\.m2\repository\org\lwjgl\lwjgl-jemalloc\3.3.3\lwjgl-jemalloc-3.3.3.jar;C:\Users\findy\.m2\repository\org\lwjgl\lwjgl-ktx\3.3.3\lwjgl-ktx-3.3.3.jar;C:\Users\findy\.m2\repository\org\lwjgl\lwjgl-libdivide\3.3.3\lwjgl-libdivide-3.3.3.jar;C:\Users\findy\.m2\repository\org\lwjgl\lwjgl-llvm\3.3.3\lwjgl-llvm-3.3.3.jar;C:\Users\findy\.m2\repository\org\lwjgl\lwjgl-lmdb\3.3.3\lwjgl-lmdb-3.3.3.jar;C:\Users\findy\.m2\repository\org\lwjgl\lwjgl-lz4\3.3.3\lwjgl-lz4-3.3.3.jar;C:\Users\findy\.m2\repository\org\lwjgl\lwjgl-meow\3.3.3\lwjgl-meow-3.3.3.jar;C:\Users\findy\.m2\repository\org\lwjgl\lwjgl-meshoptimizer\3.3.3\lwjgl-meshoptimizer-3.3.3.jar;C:\Users\findy\.m2\repository\org\lwjgl\lwjgl-nanovg\3.3.3\lwjgl-nanovg-3.3.3.jar;C:\Users\findy\.m2\repository\org\lwjgl\lwjgl-nfd\3.3.3\lwjgl-nfd-3.3.3.jar;C:\Users\findy\.m2\repository\org\lwjgl\lwjgl-nuklear\3.3.3\lwjgl-nuklear-3.3.3.jar;C:\Users\findy\.m2\repository\org\lwjgl\lwjgl-odbc\3.3.3\lwjgl-odbc-3.3.3.jar;C:\Users\findy\.m2\repository\org\lwjgl\lwjgl-openal\3.3.3\lwjgl-op
Launcher Type: SUN_STANDARD

[Global flags]
     intx CICompilerCount                          = 4                                         {product} {ergonomic}
     uint ConcGCThreads                            = 2                                         {product} {ergonomic}
     uint G1ConcRefinementThreads                  = 8                                         {product} {ergonomic}
   size_t G1HeapRegionSize                         = 1048576                                   {product} {ergonomic}
    uintx GCDrainStackTargetSize                   = 64                                        {product} {ergonomic}
   size_t InitialHeapSize                          = 130023424                                 {product} {ergonomic}
   size_t MarkStackSize                            = 4194304                                   {product} {ergonomic}
   size_t MaxHeapSize                              = 2076180480                                {product} {ergonomic}
   size_t MaxNewSize                               = 1245708288                                {product} {ergonomic}
   size_t MinHeapDeltaBytes                        = 1048576                                   {product} {ergonomic}
   size_t MinHeapSize                              = 8388608                                   {product} {ergonomic}
    uintx NonNMethodCodeHeapSize                   = 5839372                                {pd product} {ergonomic}
    uintx NonProfiledCodeHeapSize                  = 122909434                              {pd product} {ergonomic}
    uintx ProfiledCodeHeapSize                     = 122909434                              {pd product} {ergonomic}
    uintx ReservedCodeCacheSize                    = 251658240                              {pd product} {ergonomic}
     bool SegmentedCodeCache                       = true                                      {product} {ergonomic}
     bool ShowCodeDetailsInExceptionMessages       = true                                   {manageable} {command line}
   size_t SoftMaxHeapSize                          = 2076180480                             {manageable} {ergonomic}
     bool UseCompressedClassPointers               = true                                 {lp64_product} {ergonomic}
     bool UseCompressedOops                        = true                                 {lp64_product} {ergonomic}
     bool UseG1GC                                  = true                                      {product} {ergonomic}
     bool UseLargePagesIndividualAllocation        = false                                  {pd product} {ergonomic}

Logging:
Log output configuration:
 #0: stdout all=warning uptime,level,tags
 #1: stderr all=off uptime,level,tags

Environment Variables:
JAVA_HOME=C:\Program Files\Java\jdk-15.0.1
PATH=C:/Program Files/Java/jdk-15.0.1/bin/server;C:/Program Files/Java/jdk-15.0.1/bin;C:\Program Files\PlasticSCM5\server;C:\Program Files\PlasticSCM5\client;C:\Program Files\Common Files\Oracle\Java\javapath;C:\WINDOWS\system32;C:\WINDOWS;C:\WINDOWS\System32\Wbem;C:\WINDOWS\System32\WindowsPowerShell\v1.0\;C:\WINDOWS\System32\OpenSSH\;C:\Program Files\dotnet\;C:\Program Files\Git\cmd;C:\Program Files\nodejs\;C:\Program Files\apache-maven-3.9.2\bin;C:\Program Files\ffmpeg\bin\;C:\Users\findy\AppData\Local\Microsoft\WindowsApps;C:\YugankFolder\sqlite-tools-win32-x86-3360000;C:\Users\findy\AppData\Roaming\npm;C:\Users\findy\AppData\Local\Programs\Microsoft VS Code\bin;C:\WINDOWS\system32;
USERNAME=findy
OS=Windows_NT
PROCESSOR_IDENTIFIER=Intel64 Family 6 Model 140 Stepping 1, GenuineIntel



---------------  S Y S T E M  ---------------

OS:
 Windows 10 , 64 bit Build 22621 (10.0.22621.2506)
OS uptime: 5 days 8:15 hours

CPU: total 8 (initial active 8) (4 cores per cpu, 2 threads per core) family 6 model 140 stepping 1 microcode 0xac, cmov, cx8, fxsr, mmx, sse, sse2, sse3, ssse3, sse4.1, sse4.2, popcnt, vzeroupper, avx, avx2, aes, clmul, erms, 3dnowpref, lzcnt, ht, tsc, tscinvbit, bmi1, bmi2, adx, avx512f, avx512dq, avx512cd, avx512bw, avx512vl, avx512_vpopcntdq, avx512_vpclmulqdq, avx512_vbmi, avx512_vbmi2, avx512_vaes, avx512_vnni, sha, fma, clflush, clflushopt, clwb

Memory: 4k page, system-wide physical 7914M (932M free)
TotalPageFile size 22779M (AvailPageFile size 3092M)
current process WorkingSet (physical memory assigned to process): 198M, peak: 198M
current process commit charge ("private bytes"): 338M, peak: 338M

vm_info: Java HotSpot(TM) 64-Bit Server VM (15.0.1+9-18) for windows-amd64 JRE (15.0.1+9-18), built on Sep 15 2020 14:43:54 by "mach5one" with unknown MS VC++:1925

END.
