[Y] visible=130 occluded=32 (20% occluded)
    ray from (0.091, 0.03, 0.495) -> occluder 'Y' hit at local (-0.154, 0.191, 0.06), hit_dist=0.0417 / total_dist=5.3648 (dir-to-cam=(-0.156, -0.982, 0.108))
    ray from (0.111, 0.03, 0.466) -> occluder 'Y' hit at local (-0.135, 0.162, 0.06), hit_dist=0.0418 / total_dist=5.3711 (dir-to-cam=(-0.159, -0.981, 0.113))
    ray from (0.13, 0.03, 0.436) -> occluder 'Y' hit at local (-0.116, 0.133, 0.06), hit_dist=0.0419 / total_dist=5.3776 (dir-to-cam=(-0.163, -0.98, 0.119))
    ray from (0.149, 0.03, 0.407) -> occluder 'Y' hit at local (-0.097, 0.105, 0.06), hit_dist=0.0420 / total_dist=5.3843 (dir-to-cam=(-0.166, -0.978, 0.124))
    ray from (0.169, 0.03, 0.378) -> occluder 'Y' hit at local (-0.078, 0.076, 0.06), hit_dist=0.0421 / total_dist=5.3912 (dir-to-cam=(-0.17, -0.977, 0.129))
[o] visible=3227 occluded=1093 (25% occluded)
    ray from (0.734, 0.03, 0.347) -> occluder 'o' hit at local (0.07, 0.176, 0.05), hit_dist=0.0340 / total_dist=5.5193 (dir-to-cam=(-0.268, -0.954, 0.132))
    ray from (0.735, 0.03, 0.347) -> occluder 'o' hit at local (0.069, 0.176, 0.056), hit_dist=0.0398 / total_dist=5.5195 (dir-to-cam=(-0.268, -0.954, 0.132))
    ray from (0.736, 0.03, 0.346) -> occluder 'o' hit at local (0.068, 0.177, 0.06), hit_dist=0.0443 / total_dist=5.5198 (dir-to-cam=(-0.268, -0.954, 0.132))
    ray from (0.736, 0.03, 0.346) -> occluder 'o' hit at local (0.069, 0.176, 0.06), hit_dist=0.0443 / total_dist=5.5201 (dir-to-cam=(-0.268, -0.954, 0.132))
    ray from (0.737, 0.03, 0.345) -> occluder 'o' hit at local (0.07, 0.176, 0.06), hit_dist=0.0443 / total_dist=5.5203 (dir-to-cam=(-0.269, -0.954, 0.132))
[p] visible=2764 occluded=1214 (31% occluded)
    ray from (1.151, 0.03, 0.354) -> occluder 'p' hit at local (0.089, 0.212, 0.047), hit_dist=0.0323 / total_dist=5.6444 (dir-to-cam=(-0.336, -0.933, 0.128))
    ray from (1.152, 0.03, 0.353) -> occluder 'p' hit at local (0.088, 0.212, 0.051), hit_dist=0.0368 / total_dist=5.6447 (dir-to-cam=(-0.336, -0.933, 0.128))
    ray from (1.152, 0.03, 0.353) -> occluder 'p' hit at local (0.087, 0.212, 0.055), hit_dist=0.0413 / total_dist=5.6450 (dir-to-cam=(-0.336, -0.933, 0.128))
    ray from (1.153, 0.03, 0.353) -> occluder 'p' hit at local (0.086, 0.212, 0.059), hit_dist=0.0458 / total_dist=5.6453 (dir-to-cam=(-0.336, -0.933, 0.128))
    ray from (1.154, 0.03, 0.352) -> occluder 'p' hit at local (0.087, 0.212, 0.06), hit_dist=0.0465 / total_dist=5.6456 (dir-to-cam=(-0.336, -0.933, 0.128))
[e] visible=2747 occluded=997 (27% occluded)
    ray from (1.553, 0.03, 0.356) -> occluder 'e' hit at local (0.063, 0.18, 0.046), hit_dist=0.0337 / total_dist=5.7917 (dir-to-cam=(-0.397, -0.909, 0.124))
    ray from (1.553, 0.03, 0.356) -> occluder 'e' hit at local (0.063, 0.18, 0.046), hit_dist=0.0337 / total_dist=5.7917 (dir-to-cam=(-0.397, -0.909, 0.124))
    ray from (1.554, 0.03, 0.355) -> occluder 'e' hit at local (0.061, 0.18, 0.052), hit_dist=0.0406 / total_dist=5.7922 (dir-to-cam=(-0.397, -0.909, 0.124))
    ray from (1.555, 0.03, 0.355) -> occluder 'e' hit at local (0.059, 0.18, 0.059), hit_dist=0.0474 / total_dist=5.7926 (dir-to-cam=(-0.397, -0.909, 0.124))
    ray from (1.556, 0.03, 0.354) -> occluder 'e' hit at local (0.06, 0.18, 0.06), hit_dist=0.0490 / total_dist=5.7931 (dir-to-cam=(-0.397, -0.909, 0.124))
[3] visible=3880 occluded=1394 (26% occluded)
    ray from (1.97, 0.03, 0.522) -> occluder '3' hit at local (0.009, 0.27, 0.043), hit_dist=0.0320 / total_dist=5.9519 (dir-to-cam=(-0.456, -0.885, 0.093))
    ray from (1.97, 0.03, 0.522) -> occluder '3' hit at local (0.009, 0.27, 0.043), hit_dist=0.0320 / total_dist=5.9519 (dir-to-cam=(-0.456, -0.885, 0.093))
    ray from (1.972, 0.03, 0.521) -> occluder '3' hit at local (0.008, 0.27, 0.047), hit_dist=0.0370 / total_dist=5.9524 (dir-to-cam=(-0.456, -0.885, 0.093))
    ray from (1.973, 0.03, 0.521) -> occluder '3' hit at local (0.006, 0.27, 0.051), hit_dist=0.0421 / total_dist=5.9529 (dir-to-cam=(-0.457, -0.885, 0.093))
    ray from (1.974, 0.03, 0.52) -> occluder '3' hit at local (0.005, 0.27, 0.056), hit_dist=0.0471 / total_dist=5.9534 (dir-to-cam=(-0.457, -0.885, 0.093))
[D] visible=1287 occluded=549 (30% occluded)
    ray from (2.208, 0.03, 0.0) -> occluder 'D' hit at local (-0.208, -0.243, 0.051), hit_dist=0.0446 / total_dist=6.1336 (dir-to-cam=(-0.481, -0.859, 0.175))
    ray from (2.232, 0.03, 0.0) -> occluder 'D' hit at local (-0.19, -0.241, 0.06), hit_dist=0.0550 / total_dist=6.1449 (dir-to-cam=(-0.484, -0.857, 0.175))
    ray from (2.255, 0.03, 0.0) -> occluder 'D' hit at local (-0.167, -0.241, 0.06), hit_dist=0.0552 / total_dist=6.1563 (dir-to-cam=(-0.487, -0.856, 0.174))
    ray from (2.278, 0.03, 0.0) -> occluder 'D' hit at local (-0.144, -0.241, 0.06), hit_dist=0.0554 / total_dist=6.1677 (dir-to-cam=(-0.49, -0.854, 0.174))
    ray from (2.302, 0.03, 0.0) -> occluder 'D' hit at local (-0.121, -0.241, 0.06), hit_dist=0.0556 / total_dist=6.1792 (dir-to-cam=(-0.493, -0.852, 0.174))
logo_occlusion_debug: created 'Debug_Visible' (green) and 'Debug_Occluded' (red) mesh objects at frame 1. Camera at (-0.745, -5.237, 1.074).
logo_occlusion_debug: if you don't see them — (1) viewport shading must be Material Preview or Rendered (the emission material is invisible in plain Solid mode; press Z for the shading pie menu), (2) select Debug_Visible / Debug_Occluded in the Outliner and press '.' (View Selected) to frame them — the markers are short stubs near each letter's own surface.
